<?xml version="1.0" encoding="UTF-8"?>
<!-- Generated by org.testng.reporters.JUnitReportReporter -->
<testsuite hostname="DESKTOP-98I1HA0" failures="0" tests="3" name="MA.automation.TestClass" time="0.017" errors="0" timestamp="2021-06-21T15:22:35 IST" skipped="0">
  <testcase classname="MA.automation.TestClass" name="testDataProvider" time="0.003"/>
  <system-out/>
  <testcase classname="MA.automation.TestClass" name="testDataProvider" time="0.011"/>
  <system-out/>
  <testcase classname="MA.automation.TestClass" name="testDataProvider" time="0.003"/>
  <system-out/>
</testsuite> <!-- MA.automation.TestClass -->
